21-07-2016 12:25:45	This log contains information about the import schema operation into project 'FTrans.SupplierSucess.Database' on computer 'PD3020-928S022' by user 'manoj.wadnere'.
21-07-2016 12:25:45	Import of database schema has started.
21-07-2016 12:25:57	Gathering logins
21-07-2016 12:27:19	Gathering database options
21-07-2016 12:27:19	Gathering users
21-07-2016 12:27:19	Gathering roles
21-07-2016 12:27:19	Gathering application roles
21-07-2016 12:27:19	Gathering role memberships
21-07-2016 12:27:19	Gathering filegroups
21-07-2016 12:27:19	Gathering full-text catalogs
21-07-2016 12:27:19	Gathering assemblies
21-07-2016 12:27:19	Gathering certificates
21-07-2016 12:27:19	Gathering symmetric keys
21-07-2016 12:27:22	Gathering encrypted symmetric keys
21-07-2016 12:27:22	Gathering schemas
21-07-2016 12:27:22	Gathering XML schema collections
21-07-2016 12:27:22	Gathering user-defined data types
21-07-2016 12:27:22	Gathering user-defined types
21-07-2016 12:27:22	Gathering table types
21-07-2016 12:27:22	Gathering unique keys for table types
21-07-2016 12:27:22	Gathering primary keys for table types
21-07-2016 12:27:22	Gathering indexes for table types
21-07-2016 12:27:22	Gathering check constraints for table types
21-07-2016 12:27:22	Gathering default constraints for table types
21-07-2016 12:27:22	Gathering partition functions
21-07-2016 12:27:22	Gathering partition schemes
21-07-2016 12:27:22	Gathering functions
21-07-2016 12:27:22	Gathering encrypted functions
21-07-2016 12:27:22	Gathering aggregates
21-07-2016 12:27:22	Gathering procedures
21-07-2016 12:27:22	Gathering encrypted procedures
21-07-2016 12:27:22	Gathering tables
21-07-2016 12:27:23	Gathering primary keys
21-07-2016 12:27:24	Gathering unique constraints
21-07-2016 12:27:24	Gathering foreign keys
21-07-2016 12:27:24	Gathering default constraints
21-07-2016 12:27:24	Gathering check constraints
21-07-2016 12:27:24	Gathering views
21-07-2016 12:27:24	Gathering encrypted views
21-07-2016 12:27:24	Gathering indexes
21-07-2016 12:27:24	Gathering statistics
21-07-2016 12:27:24	Gathering full-text index stoplists
21-07-2016 12:27:24	Gathering search property lists
21-07-2016 12:27:24	Gathering search properties
21-07-2016 12:27:24	Gathering full-text indexes
21-07-2016 12:27:24	Gathering column store indexes
21-07-2016 12:27:24	Gathering spatial indexes
21-07-2016 12:27:24	Gathering XML indexes
21-07-2016 12:27:24	Gathering Selective XML indexes
21-07-2016 12:27:24	Gathering encrypted triggers
21-07-2016 12:27:24	Gathering triggers
21-07-2016 12:27:24	Gathering encrypted and clr ddl triggers
21-07-2016 12:27:24	Gathering ddl triggers
21-07-2016 12:27:24	Gathering synonyms
21-07-2016 12:27:24	Gathering defaults
21-07-2016 12:27:24	Gathering data constraint uddt bindings
21-07-2016 12:27:24	Gathering rules
21-07-2016 12:27:24	Gathering data constraint uddt bindings
21-07-2016 12:27:24	Gathering message types
21-07-2016 12:27:24	Gathering queues
21-07-2016 12:27:24	Gathering contracts
21-07-2016 12:27:24	Gathering services
21-07-2016 12:27:24	Gathering event notifications
21-07-2016 12:27:24	Gathering remote service bindings
21-07-2016 12:27:24	Gathering broker priorities
21-07-2016 12:27:24	Gathering signatures
21-07-2016 12:27:24	Gathering data compression options
21-07-2016 12:27:24	Gathering sequence types
21-07-2016 12:27:24	Gathering security policies
21-07-2016 12:27:24	Gather column encryption keys
21-07-2016 12:27:24	Gathering column master keys
21-07-2016 12:27:24	Gathering external data sources
21-07-2016 12:27:24	Gathering external tables
21-07-2016 12:27:24	Gathering extended properties
21-07-2016 12:27:28	Gathering logins
21-07-2016 12:27:30	Scanning project for duplicate elements
21-07-2016 12:27:31	Finished duplicate element processing
21-07-2016 12:27:31	Finished importing database.
21-07-2016 12:27:31	A summary of the import was saved to the following location: D:\Manoj\FTrans\FTrans.SupplierSucess\FTrans.SupplierSucess.Database\Import Schema Logs\FTrans.SupplierSuces_20160721065545.log
21-07-2016 12:27:31	Click Finish to continue...
